<?xml version="1.0" encoding="UTF-8"?>
<testsuite xmlns:xsi="http://www.w3.org/2001/XMLSchema-instance" xsi:noNamespaceSchemaLocation="https://maven.apache.org/surefire/maven-surefire-plugin/xsd/surefire-test-report.xsd" version="3.0.2" name="com.sece.student_management.StudentManagementApplicationTests" time="4.696" tests="1" errors="0" skipped="0" failures="0" flakes="0">
  <properties>
[...]
</properties>
  <testcase name="contextLoads" classname="com.sece.student_management.StudentManagementApplicationTests" time="0.365">
    <system-out><![CDATA[14:06:24.961 [main] INFO org.springframework.test.context.support.AnnotationConfigContextLoaderUtils -- Could not detect default configuration classes for test class [com.sece.student_management.StudentManagementApplicationTests]: StudentManagementApplicationTests does not declare any static, non-private, non-final, nested classes annotated with @Configuration.
14:06:25.078 [main] INFO org.springframework.boot.test.context.SpringBootTestContextBootstrapper -- Found @SpringBootConfiguration com.sece.student_management.StudentManagementApplication for test class com.sece.student_management.StudentManagementApplicationTests
14:06:25.155 [main] INFO org.springframework.test.context.support.AnnotationConfigContextLoaderUtils -- Could not detect default configuration classes for test class [com.sece.student_management.StudentManagementApplicationTests]: StudentManagementApplicationTests does not declare any static, non-private, non-final, nested classes annotated with @Configuration.
14:06:25.156 [main] INFO org.springframework.boot.test.context.SpringBootTestContextBootstrapper -- Found @SpringBootConfiguration com.sece.student_management.StudentManagementApplication for test class com.sece.student_management.StudentManagementApplicationTests

  .   ____          _            __ _ _
 /\\ / ___'_ __ _ _(_)_ __  __ _ \ \ \ \
( ( )\___ | '_ | '_| | '_ \/ _` | \ \ \ \
 \\/  ___)| |_)| | | | | || (_| |  ) ) ) )
  '  |____| .__|_| |_|_| |_\__, | / / / /
 =========|_|==============|___/=/_/_/_/

 :: Spring Boot ::                (v4.1.1)

2026-09-17T14:06:25.476+05:30  INFO 2272 --- [student_management] [           main] c.s.s.StudentManagementApplicationTests  : Starting StudentManagementApplicationTests using Java 21 with PID 2272 (started by Muthuselvan S in C:\Users\Muthuselvan S\OneDrive\Desktop\expert\student_management)
2026-09-17T14:06:25.478+05:30  INFO 2272 --- [student_management] [           main] c.s.s.StudentManagementApplicationTests  : No active profile set, falling back to 1 default profile: "default"
2026-09-17T14:06:26.069+05:30  INFO 2272 --- [student_management] [           main] .s.d.r.c.RepositoryConfigurationDelegate : Bootstrapping Spring Data JPA repositories in DEFAULT mode.
2026-09-17T14:06:26.117+05:30  INFO 2272 --- [student_management] [           main] .s.d.r.c.RepositoryConfigurationDelegate : Finished Spring Data repository scanning in 38 ms. Found 1 JPA repository interface.
2026-09-17T14:06:26.538+05:30  INFO 2272 --- [student_management] [           main] org.hibernate.orm.jpa                    : HHH008540: Processing PersistenceUnitInfo [name: default]
2026-09-17T14:06:26.598+05:30  INFO 2272 --- [student_management] [           main] org.hibernate.orm.core                   : HHH000001: Hibernate ORM core version 7.4.5.Final
2026-09-17T14:06:27.092+05:30  INFO 2272 --- [student_management] [           main] o.s.o.j.p.SpringPersistenceUnitInfo      : No LoadTimeWeaver setup: ignoring JPA class transformer
2026-09-17T14:06:27.128+05:30  INFO 2272 --- [student_management] [           main] com.zaxxer.hikari.HikariDataSource       : HikariPool-1 - Starting...
2026-09-17T14:06:27.463+05:30  INFO 2272 --- [student_management] [           main] com.zaxxer.hikari.pool.HikariPool        : HikariPool-1 - Added connection com.mysql.cj.jdbc.ConnectionImpl@18ac25e6
2026-09-17T14:06:27.465+05:30  INFO 2272 --- [student_management] [           main] com.zaxxer.hikari.HikariDataSource       : HikariPool-1 - Start completed.
2026-09-17T14:06:27.558+05:30  INFO 2272 --- [student_management] [           main] org.hibernate.orm.connections.pooling    : HHH10001005: Database info:
	Database JDBC URL [jdbc:mysql://localhost:3306/studentdb]
	Database driver: MySQL Connector/J
	Database dialect: MySQLDialect
	Database version: 9.7
	Default catalog/schema: studentdb/undefined
	Autocommit mode: undefined/unknown
	Isolation level: REPEATABLE_READ [default REPEATABLE_READ]
	JDBC fetch size: none
	Pool: DataSourceConnectionProvider
	Minimum pool size: undefined/unknown
	Maximum pool size: undefined/unknown
2026-09-17T14:06:28.268+05:30  INFO 2272 --- [student_management] [           main] org.hibernate.orm.core                   : HHH000489: No JTA platform available (set 'hibernate.transaction.jta.platform' to enable JTA platform integration)
2026-09-17T14:06:28.322+05:30  INFO 2272 --- [student_management] [           main] j.LocalContainerEntityManagerFactoryBean : Initialized JPA EntityManagerFactory for persistence unit 'default'
2026-09-17T14:06:28.408+05:30  INFO 2272 --- [student_management] [           main] o.s.d.j.r.query.QueryEnhancerFactories   : Hibernate is in classpath; If applicable, HQL parser will be used.
2026-09-17T14:06:28.572+05:30  WARN 2272 --- [student_management] [           main] JpaBaseConfiguration$JpaWebConfiguration : spring.jpa.open-in-view is enabled by default. Therefore, database queries may be performed during view rendering. Explicitly configure spring.jpa.open-in-view to disable this warning
2026-09-17T14:06:29.052+05:30  INFO 2272 --- [student_management] [           main] c.s.s.StudentManagementApplicationTests  : Started StudentManagementApplicationTests in 3.833 seconds (process running for 4.921)
]]></system-out>
    <system-err><![CDATA[Mockito is currently self-attaching to enable the inline-mock-maker. This will no longer work in future releases of the JDK. Please add Mockito as an agent to your build as described in Mockito's documentation: https://javadoc.io/doc/org.mockito/mockito-core/latest/org.mockito/org/mockito/Mockito.html#0.3
WARNING: A Java agent has been loaded dynamically (C:\Users\Muthuselvan S\.m2\repository\net\bytebuddy\byte-buddy-agent\1.18.11\byte-buddy-agent-1.18.11.jar)
WARNING: If a serviceability tool is in use, please run with -XX:+EnableDynamicAgentLoading to hide this warning
WARNING: If a serviceability tool is not in use, please run with -Djdk.instrument.traceUsage for more information
WARNING: Dynamic loading of agents will be disallowed by default in a future release
]]></system-err>
  </testcase>
</testsuite>